<?xml version="1.0" encoding="UTF-8"?>
<testsuite xmlns:xsi="http://www.w3.org/2001/XMLSchema-instance" xsi:noNamespaceSchemaLocation="https://maven.apache.org/surefire/maven-surefire-plugin/xsd/surefire-test-report-3.0.xsd" version="3.0" name="com.example.northwind.integration.ProductIntegrationTest" time="362.09" tests="12" errors="0" skipped="0" failures="12">
  <properties>
[...]
</properties>
  <testcase name="testCreateProduct_AsAdmin_ShouldSucceed" classname="com.example.northwind.integration.ProductIntegrationTest" time="30.025">
    <failure message="expected: &lt;200&gt; but was: &lt;403&gt;" type="org.opentest4j.AssertionFailedError"><![CDATA[org.opentest4j.AssertionFailedError: expected: <200> but was: <403>
	at org.junit.jupiter.api.AssertionFailureBuilder.build(AssertionFailureBuilder.java:151)
	at org.junit.jupiter.api.AssertionFailureBuilder.buildAndThrow(AssertionFailureBuilder.java:132)
	at org.junit.jupiter.api.AssertEquals.failNotEqual(AssertEquals.java:197)
	at org.junit.jupiter.api.AssertEquals.assertEquals(AssertEquals.java:150)
	at org.junit.jupiter.api.AssertEquals.assertEquals(AssertEquals.java:145)
	at org.junit.jupiter.api.Assertions.assertEquals(Assertions.java:531)
	at com.example.northwind.integration.BaseIntegrationTest.loginAndGetToken(BaseIntegrationTest.java:69)
	at com.example.northwind.integration.ProductIntegrationTest.setUp(ProductIntegrationTest.java:21)
	at java.base/java.lang.reflect.Method.invoke(Method.java:580)
	at java.base/java.util.ArrayList.forEach(ArrayList.java:1597)
	at java.base/java.util.ArrayList.forEach(ArrayList.java:1597)
]]></failure>
    <system-out><![CDATA[2025-09-10T14:26:04.325-06:00  INFO 4715 --- [northwind] [           main] t.c.s.AnnotationConfigContextLoaderUtils : Could not detect default configuration classes for test class [com.example.northwind.integration.ProductIntegrationTest]: ProductIntegrationTest does not declare any static, non-private, non-final, nested classes annotated with @Configuration.
2025-09-10T14:26:04.328-06:00  INFO 4715 --- [northwind] [           main] .b.t.c.SpringBootTestContextBootstrapper : Found @SpringBootConfiguration com.example.northwind.NorthwindApplication for test class com.example.northwind.integration.ProductIntegrationTest
2025-09-10T14:26:04.332-06:00  INFO 4715 --- [northwind] [           main] tc.postgres:15                           : Creating container for image: postgres:15
2025-09-10T14:26:04.592-06:00  INFO 4715 --- [northwind] [           main] tc.postgres:15                           : Container postgres:15 is starting: e33e394bd5f266fe3abafcbd8686ffa5aeea4bb711b7c09a24fb9194b74531cf
2025-09-10T14:26:05.846-06:00  INFO 4715 --- [northwind] [           main] tc.postgres:15                           : Container postgres:15 started in PT1.514099S
2025-09-10T14:26:05.846-06:00  INFO 4715 --- [northwind] [           main] tc.postgres:15                           : Container is started (JDBC URL: jdbc:postgresql://localhost:63984/northwind_test?loggerLevel=OFF)
2025-09-10T14:26:35.868-06:00  WARN 4715 --- [northwind] [o-auto-1-exec-6] o.h.engine.jdbc.spi.SqlExceptionHelper   : SQL Error: 0, SQLState: 08001
2025-09-10T14:26:35.868-06:00 ERROR 4715 --- [northwind] [o-auto-1-exec-6] o.h.engine.jdbc.spi.SqlExceptionHelper   : HikariPool-1 - Connection is not available, request timed out after 30003ms (total=0, active=0, idle=0, waiting=0)
2025-09-10T14:26:35.868-06:00 ERROR 4715 --- [northwind] [o-auto-1-exec-6] o.h.engine.jdbc.spi.SqlExceptionHelper   : Connection to localhost:63599 refused. Check that the hostname and port are correct and that the postmaster is accepting TCP/IP connections.
]]></system-out>
  </testcase>
  <testcase name="testGetProductsWithPagination_ShouldReturnPaginatedResults" classname="com.example.northwind.integration.ProductIntegrationTest" time="30.018">
    <failure message="expected: &lt;200&gt; but was: &lt;403&gt;" type="org.opentest4j.AssertionFailedError"><![CDATA[org.opentest4j.AssertionFailedError: expected: <200> but was: <403>
	at org.junit.jupiter.api.AssertionFailureBuilder.build(AssertionFailureBuilder.java:151)
	at org.junit.jupiter.api.AssertionFailureBuilder.buildAndThrow(AssertionFailureBuilder.java:132)
	at org.junit.jupiter.api.AssertEquals.failNotEqual(AssertEquals.java:197)
	at org.junit.jupiter.api.AssertEquals.assertEquals(AssertEquals.java:150)
	at org.junit.jupiter.api.AssertEquals.assertEquals(AssertEquals.java:145)
	at org.junit.jupiter.api.Assertions.assertEquals(Assertions.java:531)
	at com.example.northwind.integration.BaseIntegrationTest.loginAndGetToken(BaseIntegrationTest.java:69)
	at com.example.northwind.integration.ProductIntegrationTest.setUp(ProductIntegrationTest.java:21)
	at java.base/java.lang.reflect.Method.invoke(Method.java:580)
	at java.base/java.util.ArrayList.forEach(ArrayList.java:1597)
	at java.base/java.util.ArrayList.forEach(ArrayList.java:1597)
]]></failure>
    <system-out><![CDATA[2025-09-10T14:27:05.894-06:00  WARN 4715 --- [northwind] [o-auto-1-exec-7] o.h.engine.jdbc.spi.SqlExceptionHelper   : SQL Error: 0, SQLState: 08001
2025-09-10T14:27:05.894-06:00 ERROR 4715 --- [northwind] [o-auto-1-exec-7] o.h.engine.jdbc.spi.SqlExceptionHelper   : HikariPool-1 - Connection is not available, request timed out after 30004ms (total=0, active=0, idle=0, waiting=0)
2025-09-10T14:27:05.894-06:00 ERROR 4715 --- [northwind] [o-auto-1-exec-7] o.h.engine.jdbc.spi.SqlExceptionHelper   : Connection to localhost:63599 refused. Check that the hostname and port are correct and that the postmaster is accepting TCP/IP connections.
]]></system-out>
  </testcase>
  <testcase name="testGetProductById_NonExistent_ShouldReturn404" classname="com.example.northwind.integration.ProductIntegrationTest" time="30.016">
    <failure message="expected: &lt;200&gt; but was: &lt;403&gt;" type="org.opentest4j.AssertionFailedError"><![CDATA[org.opentest4j.AssertionFailedError: expected: <200> but was: <403>
	at org.junit.jupiter.api.AssertionFailureBuilder.build(AssertionFailureBuilder.java:151)
	at org.junit.jupiter.api.AssertionFailureBuilder.buildAndThrow(AssertionFailureBuilder.java:132)
	at org.junit.jupiter.api.AssertEquals.failNotEqual(AssertEquals.java:197)
	at org.junit.jupiter.api.AssertEquals.assertEquals(AssertEquals.java:150)
	at org.junit.jupiter.api.AssertEquals.assertEquals(AssertEquals.java:145)
	at org.junit.jupiter.api.Assertions.assertEquals(Assertions.java:531)
	at com.example.northwind.integration.BaseIntegrationTest.loginAndGetToken(BaseIntegrationTest.java:69)
	at com.example.northwind.integration.ProductIntegrationTest.setUp(ProductIntegrationTest.java:21)
	at java.base/java.lang.reflect.Method.invoke(Method.java:580)
	at java.base/java.util.ArrayList.forEach(ArrayList.java:1597)
	at java.base/java.util.ArrayList.forEach(ArrayList.java:1597)
]]></failure>
    <system-out><![CDATA[2025-09-10T14:27:35.916-06:00  WARN 4715 --- [northwind] [o-auto-1-exec-8] o.h.engine.jdbc.spi.SqlExceptionHelper   : SQL Error: 0, SQLState: 08001
2025-09-10T14:27:35.916-06:00 ERROR 4715 --- [northwind] [o-auto-1-exec-8] o.h.engine.jdbc.spi.SqlExceptionHelper   : HikariPool-1 - Connection is not available, request timed out after 30001ms (total=0, active=0, idle=0, waiting=0)
2025-09-10T14:27:35.916-06:00 ERROR 4715 --- [northwind] [o-auto-1-exec-8] o.h.engine.jdbc.spi.SqlExceptionHelper   : Connection to localhost:63599 refused. Check that the hostname and port are correct and that the postmaster is accepting TCP/IP connections.
]]></system-out>
  </testcase>
  <testcase name="testGetProductsBySupplier_ShouldReturnFilteredResults" classname="com.example.northwind.integration.ProductIntegrationTest" time="30.021">
    <failure message="expected: &lt;200&gt; but was: &lt;403&gt;" type="org.opentest4j.AssertionFailedError"><![CDATA[org.opentest4j.AssertionFailedError: expected: <200> but was: <403>
	at org.junit.jupiter.api.AssertionFailureBuilder.build(AssertionFailureBuilder.java:151)
	at org.junit.jupiter.api.AssertionFailureBuilder.buildAndThrow(AssertionFailureBuilder.java:132)
	at org.junit.jupiter.api.AssertEquals.failNotEqual(AssertEquals.java:197)
	at org.junit.jupiter.api.AssertEquals.assertEquals(AssertEquals.java:150)
	at org.junit.jupiter.api.AssertEquals.assertEquals(AssertEquals.java:145)
	at org.junit.jupiter.api.Assertions.assertEquals(Assertions.java:531)
	at com.example.northwind.integration.BaseIntegrationTest.loginAndGetToken(BaseIntegrationTest.java:69)
	at com.example.northwind.integration.ProductIntegrationTest.setUp(ProductIntegrationTest.java:21)
	at java.base/java.lang.reflect.Method.invoke(Method.java:580)
	at java.base/java.util.ArrayList.forEach(ArrayList.java:1597)
	at java.base/java.util.ArrayList.forEach(ArrayList.java:1597)
]]></failure>
    <system-out><![CDATA[2025-09-10T14:28:05.928-06:00  WARN 4715 --- [northwind] [o-auto-1-exec-9] o.h.engine.jdbc.spi.SqlExceptionHelper   : SQL Error: 0, SQLState: 08001
2025-09-10T14:28:05.928-06:00 ERROR 4715 --- [northwind] [o-auto-1-exec-9] o.h.engine.jdbc.spi.SqlExceptionHelper   : HikariPool-1 - Connection is not available, request timed out after 30000ms (total=0, active=0, idle=0, waiting=0)
2025-09-10T14:28:05.929-06:00 ERROR 4715 --- [northwind] [o-auto-1-exec-9] o.h.engine.jdbc.spi.SqlExceptionHelper   : Connection to localhost:63599 refused. Check that the hostname and port are correct and that the postmaster is accepting TCP/IP connections.
]]></system-out>
  </testcase>
  <testcase name="testUpdateProduct_AsAdmin_ShouldSucceed" classname="com.example.northwind.integration.ProductIntegrationTest" time="30.022">
    <failure message="expected: &lt;200&gt; but was: &lt;403&gt;" type="org.opentest4j.AssertionFailedError"><![CDATA[org.opentest4j.AssertionFailedError: expected: <200> but was: <403>
	at org.junit.jupiter.api.AssertionFailureBuilder.build(AssertionFailureBuilder.java:151)
	at org.junit.jupiter.api.AssertionFailureBuilder.buildAndThrow(AssertionFailureBuilder.java:132)
	at org.junit.jupiter.api.AssertEquals.failNotEqual(AssertEquals.java:197)
	at org.junit.jupiter.api.AssertEquals.assertEquals(AssertEquals.java:150)
	at org.junit.jupiter.api.AssertEquals.assertEquals(AssertEquals.java:145)
	at org.junit.jupiter.api.Assertions.assertEquals(Assertions.java:531)
	at com.example.northwind.integration.BaseIntegrationTest.loginAndGetToken(BaseIntegrationTest.java:69)
	at com.example.northwind.integration.ProductIntegrationTest.setUp(ProductIntegrationTest.java:21)
	at java.base/java.lang.reflect.Method.invoke(Method.java:580)
	at java.base/java.util.ArrayList.forEach(ArrayList.java:1597)
	at java.base/java.util.ArrayList.forEach(ArrayList.java:1597)
]]></failure>
    <system-out><![CDATA[2025-09-10T14:28:35.958-06:00  WARN 4715 --- [northwind] [-auto-1-exec-10] o.h.engine.jdbc.spi.SqlExceptionHelper   : SQL Error: 0, SQLState: 08001
2025-09-10T14:28:35.958-06:00 ERROR 4715 --- [northwind] [-auto-1-exec-10] o.h.engine.jdbc.spi.SqlExceptionHelper   : HikariPool-1 - Connection is not available, request timed out after 30004ms (total=0, active=0, idle=0, waiting=0)
2025-09-10T14:28:35.959-06:00 ERROR 4715 --- [northwind] [-auto-1-exec-10] o.h.engine.jdbc.spi.SqlExceptionHelper   : Connection to localhost:63599 refused. Check that the hostname and port are correct and that the postmaster is accepting TCP/IP connections.
]]></system-out>
  </testcase>
  <testcase name="testGetAllProducts_ShouldReturnProducts" classname="com.example.northwind.integration.ProductIntegrationTest" time="30.02">
    <failure message="expected: &lt;200&gt; but was: &lt;403&gt;" type="org.opentest4j.AssertionFailedError"><![CDATA[org.opentest4j.AssertionFailedError: expected: <200> but was: <403>
	at org.junit.jupiter.api.AssertionFailureBuilder.build(AssertionFailureBuilder.java:151)
	at org.junit.jupiter.api.AssertionFailureBuilder.buildAndThrow(AssertionFailureBuilder.java:132)
	at org.junit.jupiter.api.AssertEquals.failNotEqual(AssertEquals.java:197)
	at org.junit.jupiter.api.AssertEquals.assertEquals(AssertEquals.java:150)
	at org.junit.jupiter.api.AssertEquals.assertEquals(AssertEquals.java:145)
	at org.junit.jupiter.api.Assertions.assertEquals(Assertions.java:531)
	at com.example.northwind.integration.BaseIntegrationTest.loginAndGetToken(BaseIntegrationTest.java:69)
	at com.example.northwind.integration.ProductIntegrationTest.setUp(ProductIntegrationTest.java:21)
	at java.base/java.lang.reflect.Method.invoke(Method.java:580)
	at java.base/java.util.ArrayList.forEach(ArrayList.java:1597)
	at java.base/java.util.ArrayList.forEach(ArrayList.java:1597)
]]></failure>
    <system-out><![CDATA[2025-09-10T14:29:05.987-06:00  WARN 4715 --- [northwind] [o-auto-1-exec-1] o.h.engine.jdbc.spi.SqlExceptionHelper   : SQL Error: 0, SQLState: 08001
2025-09-10T14:29:05.987-06:00 ERROR 4715 --- [northwind] [o-auto-1-exec-1] o.h.engine.jdbc.spi.SqlExceptionHelper   : HikariPool-1 - Connection is not available, request timed out after 30005ms (total=0, active=0, idle=0, waiting=0)
2025-09-10T14:29:05.987-06:00 ERROR 4715 --- [northwind] [o-auto-1-exec-1] o.h.engine.jdbc.spi.SqlExceptionHelper   : Connection to localhost:63599 refused. Check that the hostname and port are correct and that the postmaster is accepting TCP/IP connections.
]]></system-out>
  </testcase>
  <testcase name="testGetProductsByCategory_ShouldReturnFilteredResults" classname="com.example.northwind.integration.ProductIntegrationTest" time="30.028">
    <failure message="expected: &lt;200&gt; but was: &lt;403&gt;" type="org.opentest4j.AssertionFailedError"><![CDATA[org.opentest4j.AssertionFailedError: expected: <200> but was: <403>
	at org.junit.jupiter.api.AssertionFailureBuilder.build(AssertionFailureBuilder.java:151)
	at org.junit.jupiter.api.AssertionFailureBuilder.buildAndThrow(AssertionFailureBuilder.java:132)
	at org.junit.jupiter.api.AssertEquals.failNotEqual(AssertEquals.java:197)
	at org.junit.jupiter.api.AssertEquals.assertEquals(AssertEquals.java:150)
	at org.junit.jupiter.api.AssertEquals.assertEquals(AssertEquals.java:145)
	at org.junit.jupiter.api.Assertions.assertEquals(Assertions.java:531)
	at com.example.northwind.integration.BaseIntegrationTest.loginAndGetToken(BaseIntegrationTest.java:69)
	at com.example.northwind.integration.ProductIntegrationTest.setUp(ProductIntegrationTest.java:21)
	at java.base/java.lang.reflect.Method.invoke(Method.java:580)
	at java.base/java.util.ArrayList.forEach(ArrayList.java:1597)
	at java.base/java.util.ArrayList.forEach(ArrayList.java:1597)
]]></failure>
    <system-out><![CDATA[2025-09-10T14:29:36.006-06:00  WARN 4715 --- [northwind] [o-auto-1-exec-2] o.h.engine.jdbc.spi.SqlExceptionHelper   : SQL Error: 0, SQLState: 08001
2025-09-10T14:29:36.008-06:00 ERROR 4715 --- [northwind] [o-auto-1-exec-2] o.h.engine.jdbc.spi.SqlExceptionHelper   : HikariPool-1 - Connection is not available, request timed out after 30006ms (total=0, active=0, idle=0, waiting=0)
2025-09-10T14:29:36.009-06:00 ERROR 4715 --- [northwind] [o-auto-1-exec-2] o.h.engine.jdbc.spi.SqlExceptionHelper   : Connection to localhost:63599 refused. Check that the hostname and port are correct and that the postmaster is accepting TCP/IP connections.
]]></system-out>
  </testcase>
  <testcase name="testCreateProduct_AsStaff_ShouldSucceed" classname="com.example.northwind.integration.ProductIntegrationTest" time="30.022">
    <failure message="expected: &lt;200&gt; but was: &lt;403&gt;" type="org.opentest4j.AssertionFailedError"><![CDATA[org.opentest4j.AssertionFailedError: expected: <200> but was: <403>
	at org.junit.jupiter.api.AssertionFailureBuilder.build(AssertionFailureBuilder.java:151)
	at org.junit.jupiter.api.AssertionFailureBuilder.buildAndThrow(AssertionFailureBuilder.java:132)
	at org.junit.jupiter.api.AssertEquals.failNotEqual(AssertEquals.java:197)
	at org.junit.jupiter.api.AssertEquals.assertEquals(AssertEquals.java:150)
	at org.junit.jupiter.api.AssertEquals.assertEquals(AssertEquals.java:145)
	at org.junit.jupiter.api.Assertions.assertEquals(Assertions.java:531)
	at com.example.northwind.integration.BaseIntegrationTest.loginAndGetToken(BaseIntegrationTest.java:69)
	at com.example.northwind.integration.ProductIntegrationTest.setUp(ProductIntegrationTest.java:21)
	at java.base/java.lang.reflect.Method.invoke(Method.java:580)
	at java.base/java.util.ArrayList.forEach(ArrayList.java:1597)
	at java.base/java.util.ArrayList.forEach(ArrayList.java:1597)
]]></failure>
    <system-out><![CDATA[2025-09-10T14:30:06.041-06:00  WARN 4715 --- [northwind] [o-auto-1-exec-3] o.h.engine.jdbc.spi.SqlExceptionHelper   : SQL Error: 0, SQLState: 08001
2025-09-10T14:30:06.041-06:00 ERROR 4715 --- [northwind] [o-auto-1-exec-3] o.h.engine.jdbc.spi.SqlExceptionHelper   : HikariPool-1 - Connection is not available, request timed out after 30005ms (total=0, active=0, idle=0, waiting=0)
2025-09-10T14:30:06.041-06:00 ERROR 4715 --- [northwind] [o-auto-1-exec-3] o.h.engine.jdbc.spi.SqlExceptionHelper   : Connection to localhost:63599 refused. Check that the hostname and port are correct and that the postmaster is accepting TCP/IP connections.
]]></system-out>
  </testcase>
  <testcase name="testGetProductById_ShouldReturnProduct" classname="com.example.northwind.integration.ProductIntegrationTest" time="30.039">
    <failure message="expected: &lt;200&gt; but was: &lt;403&gt;" type="org.opentest4j.AssertionFailedError"><![CDATA[org.opentest4j.AssertionFailedError: expected: <200> but was: <403>
	at org.junit.jupiter.api.AssertionFailureBuilder.build(AssertionFailureBuilder.java:151)
	at org.junit.jupiter.api.AssertionFailureBuilder.buildAndThrow(AssertionFailureBuilder.java:132)
	at org.junit.jupiter.api.AssertEquals.failNotEqual(AssertEquals.java:197)
	at org.junit.jupiter.api.AssertEquals.assertEquals(AssertEquals.java:150)
	at org.junit.jupiter.api.AssertEquals.assertEquals(AssertEquals.java:145)
	at org.junit.jupiter.api.Assertions.assertEquals(Assertions.java:531)
	at com.example.northwind.integration.BaseIntegrationTest.loginAndGetToken(BaseIntegrationTest.java:69)
	at com.example.northwind.integration.ProductIntegrationTest.setUp(ProductIntegrationTest.java:21)
	at java.base/java.lang.reflect.Method.invoke(Method.java:580)
	at java.base/java.util.ArrayList.forEach(ArrayList.java:1597)
	at java.base/java.util.ArrayList.forEach(ArrayList.java:1597)
]]></failure>
    <system-out><![CDATA[2025-09-10T14:30:36.065-06:00  WARN 4715 --- [northwind] [o-auto-1-exec-4] o.h.engine.jdbc.spi.SqlExceptionHelper   : SQL Error: 0, SQLState: 08001
2025-09-10T14:30:36.067-06:00 ERROR 4715 --- [northwind] [o-auto-1-exec-4] o.h.engine.jdbc.spi.SqlExceptionHelper   : HikariPool-1 - Connection is not available, request timed out after 30001ms (total=0, active=0, idle=0, waiting=0)
2025-09-10T14:30:36.068-06:00 ERROR 4715 --- [northwind] [o-auto-1-exec-4] o.h.engine.jdbc.spi.SqlExceptionHelper   : Connection to localhost:63599 refused. Check that the hostname and port are correct and that the postmaster is accepting TCP/IP connections.
]]></system-out>
  </testcase>
  <testcase name="testSearchProducts_ShouldReturnFilteredResults" classname="com.example.northwind.integration.ProductIntegrationTest" time="30.021">
    <failure message="expected: &lt;200&gt; but was: &lt;403&gt;" type="org.opentest4j.AssertionFailedError"><![CDATA[org.opentest4j.AssertionFailedError: expected: <200> but was: <403>
	at org.junit.jupiter.api.AssertionFailureBuilder.build(AssertionFailureBuilder.java:151)
	at org.junit.jupiter.api.AssertionFailureBuilder.buildAndThrow(AssertionFailureBuilder.java:132)
	at org.junit.jupiter.api.AssertEquals.failNotEqual(AssertEquals.java:197)
	at org.junit.jupiter.api.AssertEquals.assertEquals(AssertEquals.java:150)
	at org.junit.jupiter.api.AssertEquals.assertEquals(AssertEquals.java:145)
	at org.junit.jupiter.api.Assertions.assertEquals(Assertions.java:531)
	at com.example.northwind.integration.BaseIntegrationTest.loginAndGetToken(BaseIntegrationTest.java:69)
	at com.example.northwind.integration.ProductIntegrationTest.setUp(ProductIntegrationTest.java:21)
	at java.base/java.lang.reflect.Method.invoke(Method.java:580)
	at java.base/java.util.ArrayList.forEach(ArrayList.java:1597)
	at java.base/java.util.ArrayList.forEach(ArrayList.java:1597)
]]></failure>
    <system-out><![CDATA[2025-09-10T14:31:06.104-06:00  WARN 4715 --- [northwind] [o-auto-1-exec-5] o.h.engine.jdbc.spi.SqlExceptionHelper   : SQL Error: 0, SQLState: 08001
2025-09-10T14:31:06.105-06:00 ERROR 4715 --- [northwind] [o-auto-1-exec-5] o.h.engine.jdbc.spi.SqlExceptionHelper   : HikariPool-1 - Connection is not available, request timed out after 30001ms (total=0, active=0, idle=0, waiting=0)
2025-09-10T14:31:06.105-06:00 ERROR 4715 --- [northwind] [o-auto-1-exec-5] o.h.engine.jdbc.spi.SqlExceptionHelper   : Connection to localhost:63599 refused. Check that the hostname and port are correct and that the postmaster is accepting TCP/IP connections.
]]></system-out>
  </testcase>
  <testcase name="testDeleteProduct_AsAdmin_ShouldSucceed" classname="com.example.northwind.integration.ProductIntegrationTest" time="30.044">
    <failure message="expected: &lt;200&gt; but was: &lt;403&gt;" type="org.opentest4j.AssertionFailedError"><![CDATA[org.opentest4j.AssertionFailedError: expected: <200> but was: <403>
	at org.junit.jupiter.api.AssertionFailureBuilder.build(AssertionFailureBuilder.java:151)
	at org.junit.jupiter.api.AssertionFailureBuilder.buildAndThrow(AssertionFailureBuilder.java:132)
	at org.junit.jupiter.api.AssertEquals.failNotEqual(AssertEquals.java:197)
	at org.junit.jupiter.api.AssertEquals.assertEquals(AssertEquals.java:150)
	at org.junit.jupiter.api.AssertEquals.assertEquals(AssertEquals.java:145)
	at org.junit.jupiter.api.Assertions.assertEquals(Assertions.java:531)
	at com.example.northwind.integration.BaseIntegrationTest.loginAndGetToken(BaseIntegrationTest.java:69)
	at com.example.northwind.integration.ProductIntegrationTest.setUp(ProductIntegrationTest.java:21)
	at java.base/java.lang.reflect.Method.invoke(Method.java:580)
	at java.base/java.util.ArrayList.forEach(ArrayList.java:1597)
	at java.base/java.util.ArrayList.forEach(ArrayList.java:1597)
]]></failure>
    <system-out><![CDATA[2025-09-10T14:31:36.140-06:00  WARN 4715 --- [northwind] [o-auto-1-exec-6] o.h.engine.jdbc.spi.SqlExceptionHelper   : SQL Error: 0, SQLState: 08001
2025-09-10T14:31:36.141-06:00 ERROR 4715 --- [northwind] [o-auto-1-exec-6] o.h.engine.jdbc.spi.SqlExceptionHelper   : HikariPool-1 - Connection is not available, request timed out after 30003ms (total=0, active=0, idle=0, waiting=0)
2025-09-10T14:31:36.141-06:00 ERROR 4715 --- [northwind] [o-auto-1-exec-6] o.h.engine.jdbc.spi.SqlExceptionHelper   : Connection to localhost:63599 refused. Check that the hostname and port are correct and that the postmaster is accepting TCP/IP connections.
]]></system-out>
  </testcase>
  <testcase name="testCreateProduct_WithoutAuth_ShouldReturn401" classname="com.example.northwind.integration.ProductIntegrationTest" time="30.089">
    <failure message="expected: &lt;200&gt; but was: &lt;403&gt;" type="org.opentest4j.AssertionFailedError"><![CDATA[org.opentest4j.AssertionFailedError: expected: <200> but was: <403>
	at org.junit.jupiter.api.AssertionFailureBuilder.build(AssertionFailureBuilder.java:151)
	at org.junit.jupiter.api.AssertionFailureBuilder.buildAndThrow(AssertionFailureBuilder.java:132)
	at org.junit.jupiter.api.AssertEquals.failNotEqual(AssertEquals.java:197)
	at org.junit.jupiter.api.AssertEquals.assertEquals(AssertEquals.java:150)
	at org.junit.jupiter.api.AssertEquals.assertEquals(AssertEquals.java:145)
	at org.junit.jupiter.api.Assertions.assertEquals(Assertions.java:531)
	at com.example.northwind.integration.BaseIntegrationTest.loginAndGetToken(BaseIntegrationTest.java:69)
	at com.example.northwind.integration.ProductIntegrationTest.setUp(ProductIntegrationTest.java:21)
	at java.base/java.lang.reflect.Method.invoke(Method.java:580)
	at java.base/java.util.ArrayList.forEach(ArrayList.java:1597)
	at java.base/java.util.ArrayList.forEach(ArrayList.java:1597)
]]></failure>
    <system-out><![CDATA[2025-09-10T14:32:06.189-06:00  WARN 4715 --- [northwind] [o-auto-1-exec-7] o.h.engine.jdbc.spi.SqlExceptionHelper   : SQL Error: 0, SQLState: 08001
2025-09-10T14:32:06.190-06:00 ERROR 4715 --- [northwind] [o-auto-1-exec-7] o.h.engine.jdbc.spi.SqlExceptionHelper   : HikariPool-1 - Connection is not available, request timed out after 30005ms (total=0, active=0, idle=0, waiting=0)
2025-09-10T14:32:06.190-06:00 ERROR 4715 --- [northwind] [o-auto-1-exec-7] o.h.engine.jdbc.spi.SqlExceptionHelper   : Connection to localhost:63599 refused. Check that the hostname and port are correct and that the postmaster is accepting TCP/IP connections.
]]></system-out>
  </testcase>
</testsuite>